Copyright 1986-2022 Xilinx, Inc. All Rights Reserved. Copyright 2022-2025 Advanced Micro Devices, Inc. All Rights Reserved.
---------------------------------------------------------------------------------------------------------------------------------------------
| Tool Version : Vivado v.2024.2.2 (win64) Build 6060944 Thu Mar 06 19:10:01 MST 2025
| Date         : Fri Feb 20 17:46:50 2026
| Host         : caplab07 running 64-bit major release  (build 9200)
| Command      : report_drc -file rvfpganexys_drc_routed.rpt -pb rvfpganexys_drc_routed.pb -rpx rvfpganexys_drc_routed.rpx
| Design       : rvfpganexys
| Device       : xc7a100tcsg324-1
| Speed File   : -1
| Design State : Fully Routed
---------------------------------------------------------------------------------------------------------------------------------------------

Report DRC

Table of Contents
-----------------
1. REPORT SUMMARY
2. REPORT DETAILS

1. REPORT SUMMARY
-----------------
            Netlist: netlist
          Floorplan: design_1
      Design limits: <entire design considered>
           Ruledeck: default
             Max checks: <unlimited>
             Checks found: 174
+-----------+----------+-----------------------------------------------------+--------+
| Rule      | Severity | Description                                         | Checks |
+-----------+----------+-----------------------------------------------------+--------+
| BUFC-1    | Warning  | Input Buffer Connections                            | 2      |
| CFGBVS-1  | Warning  | Missing CFGBVS and CONFIG_VOLTAGE Design Properties | 1      |
| CHECK-3   | Warning  | Report rule limit reached                           | 3      |
| DPIP-1    | Warning  | Input pipelining                                    | 7      |
| DPOP-1    | Warning  | PREG Output pipelining                              | 4      |
| DPOP-2    | Warning  | MREG Output pipelining                              | 4      |
| PDRC-132  | Warning  | SLICE_PairEqSame_A6A5_WARN                          | 9      |
| PDRC-134  | Warning  | SLICE_PairEqSame_B6B5_WARN                          | 24     |
| PDRC-136  | Warning  | SLICE_PairEqSame_C6C5_WARN                          | 30     |
| PDRC-138  | Warning  | SLICE_PairEqSame_D6D5_WARN                          | 29     |
| PDRC-140  | Warning  | SLICE_PairEqSame_A6A5_WARN                          | 1      |
| PDRC-142  | Warning  | SLICE_PairEqSame_B6B5_WARN                          | 7      |
| PDRC-144  | Warning  | SLICE_PairEqSame_C6C5_WARN                          | 9      |
| PDRC-146  | Warning  | SLICE_PairEqSame_D6D5_WARN                          | 4      |
| REQP-1839 | Warning  | RAMB36 async control check                          | 20     |
| REQP-1840 | Warning  | RAMB18 async control check                          | 20     |
+-----------+----------+-----------------------------------------------------+--------+

2. REPORT DETAILS
-----------------
BUFC-1#1 Warning
Input Buffer Connections  
Input buffer ddr2/ldc/IOBUFDS/IBUFDS (in ddr2/ldc/IOBUFDS macro) has no loads. It is recommended to have an input buffer drive an internal load.
Related violations: <none>

BUFC-1#2 Warning
Input Buffer Connections  
Input buffer ddr2/ldc/IOBUFDS_1/IBUFDS (in ddr2/ldc/IOBUFDS_1 macro) has no loads. It is recommended to have an input buffer drive an internal load.
Related violations: <none>

CFGBVS-1#1 Warning
Missing CFGBVS and CONFIG_VOLTAGE Design Properties  
Neither the CFGBVS nor CONFIG_VOLTAGE voltage property is set in the current_design.  Configuration bank voltage select (CFGBVS) must be set to VCCO or GND, and CONFIG_VOLTAGE must be set to the correct configuration voltage, in order to determine the I/O voltage support for the pins in bank 0.  It is suggested to specify these either using the 'Edit Device Properties' function in the GUI or directly in the XDC file using the following syntax:

 set_property CFGBVS value1 [current_design]
 #where value1 is either VCCO or GND

 set_property CONFIG_VOLTAGE value2 [current_design]
 #where value2 is the voltage provided to configuration bank 0

Refer to the device configuration user guide for more information.
Related violations: <none>

CHECK-3#1 Warning
Report rule limit reached  
REQP-1839 rule limit reached: 20 violations have been found.
Related violations: <none>

CHECK-3#2 Warning
Report rule limit reached  
REQP-1840 rule limit reached: 20 violations have been found.
Related violations: <none>

CHECK-3#3 Warning
Report rule limit reached  
REQP-1840 rule limit reached: 20 violations have been found.
Related violations: <none>

DPIP-1#1 Warning
Input pipelining  
DSP swervolf/rvtop/veer/exu/i_mul/prod_x0 input swervolf/rvtop/veer/exu/i_mul/prod_x0/A[29:0] is not pipelined. Pipelining DSP48 input will improve performance.
Related violations: <none>

DPIP-1#2 Warning
Input pipelining  
DSP swervolf/rvtop/veer/exu/i_mul/prod_x0 input swervolf/rvtop/veer/exu/i_mul/prod_x0/B[17:0] is not pipelined. Pipelining DSP48 input will improve performance.
Related violations: <none>

DPIP-1#3 Warning
Input pipelining  
DSP swervolf/rvtop/veer/exu/i_mul/prod_x0__0 input swervolf/rvtop/veer/exu/i_mul/prod_x0__0/A[29:0] is not pipelined. Pipelining DSP48 input will improve performance.
Related violations: <none>

DPIP-1#4 Warning
Input pipelining  
DSP swervolf/rvtop/veer/exu/i_mul/prod_x0__0 input swervolf/rvtop/veer/exu/i_mul/prod_x0__0/B[17:0] is not pipelined. Pipelining DSP48 input will improve performance.
Related violations: <none>

DPIP-1#5 Warning
Input pipelining  
DSP swervolf/rvtop/veer/exu/i_mul/prod_x0__1 input swervolf/rvtop/veer/exu/i_mul/prod_x0__1/A[29:0] is not pipelined. Pipelining DSP48 input will improve performance.
Related violations: <none>

DPIP-1#6 Warning
Input pipelining  
DSP swervolf/rvtop/veer/exu/i_mul/prod_x0__1 input swervolf/rvtop/veer/exu/i_mul/prod_x0__1/B[17:0] is not pipelined. Pipelining DSP48 input will improve performance.
Related violations: <none>

DPIP-1#7 Warning
Input pipelining  
DSP swervolf/rvtop/veer/exu/i_mul/prod_x0__2 input swervolf/rvtop/veer/exu/i_mul/prod_x0__2/B[17:0] is not pipelined. Pipelining DSP48 input will improve performance.
Related violations: <none>

DPOP-1#1 Warning
PREG Output pipelining  
DSP swervolf/rvtop/veer/exu/i_mul/prod_x0 output swervolf/rvtop/veer/exu/i_mul/prod_x0/P[47:0] is not pipelined (PREG=0). Pipelining the DSP48 output will improve performance and often saves power so it is suggested whenever possible to fully pipeline this function.  If this DSP48 function was inferred, it is suggested to describe an additional register stage after this function.  If the DSP48 was instantiated in the design, it is suggested to set the PREG attribute to 1.
Related violations: <none>

DPOP-1#2 Warning
PREG Output pipelining  
DSP swervolf/rvtop/veer/exu/i_mul/prod_x0__0 output swervolf/rvtop/veer/exu/i_mul/prod_x0__0/P[47:0] is not pipelined (PREG=0). Pipelining the DSP48 output will improve performance and often saves power so it is suggested whenever possible to fully pipeline this function.  If this DSP48 function was inferred, it is suggested to describe an additional register stage after this function.  If the DSP48 was instantiated in the design, it is suggested to set the PREG attribute to 1.
Related violations: <none>

DPOP-1#3 Warning
PREG Output pipelining  
DSP swervolf/rvtop/veer/exu/i_mul/prod_x0__1 output swervolf/rvtop/veer/exu/i_mul/prod_x0__1/P[47:0] is not pipelined (PREG=0). Pipelining the DSP48 output will improve performance and often saves power so it is suggested whenever possible to fully pipeline this function.  If this DSP48 function was inferred, it is suggested to describe an additional register stage after this function.  If the DSP48 was instantiated in the design, it is suggested to set the PREG attribute to 1.
Related violations: <none>

DPOP-1#4 Warning
PREG Output pipelining  
DSP swervolf/rvtop/veer/exu/i_mul/prod_x0__2 output swervolf/rvtop/veer/exu/i_mul/prod_x0__2/P[47:0] is not pipelined (PREG=0). Pipelining the DSP48 output will improve performance and often saves power so it is suggested whenever possible to fully pipeline this function.  If this DSP48 function was inferred, it is suggested to describe an additional register stage after this function.  If the DSP48 was instantiated in the design, it is suggested to set the PREG attribute to 1.
Related violations: <none>

DPOP-2#1 Warning
MREG Output pipelining  
DSP swervolf/rvtop/veer/exu/i_mul/prod_x0 multiplier stage swervolf/rvtop/veer/exu/i_mul/prod_x0/P[47:0] is not pipelined (MREG=0). Pipelining the multiplier function will improve performance and will save significant power so it is suggested whenever possible to fully pipeline this function.  If this multiplier was inferred, it is suggested to describe an additional register stage after this function.  If there is no registered adder/accumulator following the multiply function, two pipeline stages are suggested to allow both the MREG and PREG registers to be used.  If the DSP48 was instantiated in the design, it is suggested to set both the MREG and PREG attributes to 1 when performing multiply functions.
Related violations: <none>

DPOP-2#2 Warning
MREG Output pipelining  
DSP swervolf/rvtop/veer/exu/i_mul/prod_x0__0 multiplier stage swervolf/rvtop/veer/exu/i_mul/prod_x0__0/P[47:0] is not pipelined (MREG=0). Pipelining the multiplier function will improve performance and will save significant power so it is suggested whenever possible to fully pipeline this function.  If this multiplier was inferred, it is suggested to describe an additional register stage after this function.  If there is no registered adder/accumulator following the multiply function, two pipeline stages are suggested to allow both the MREG and PREG registers to be used.  If the DSP48 was instantiated in the design, it is suggested to set both the MREG and PREG attributes to 1 when performing multiply functions.
Related violations: <none>

DPOP-2#3 Warning
MREG Output pipelining  
DSP swervolf/rvtop/veer/exu/i_mul/prod_x0__1 multiplier stage swervolf/rvtop/veer/exu/i_mul/prod_x0__1/P[47:0] is not pipelined (MREG=0). Pipelining the multiplier function will improve performance and will save significant power so it is suggested whenever possible to fully pipeline this function.  If this multiplier was inferred, it is suggested to describe an additional register stage after this function.  If there is no registered adder/accumulator following the multiply function, two pipeline stages are suggested to allow both the MREG and PREG registers to be used.  If the DSP48 was instantiated in the design, it is suggested to set both the MREG and PREG attributes to 1 when performing multiply functions.
Related violations: <none>

DPOP-2#4 Warning
MREG Output pipelining  
DSP swervolf/rvtop/veer/exu/i_mul/prod_x0__2 multiplier stage swervolf/rvtop/veer/exu/i_mul/prod_x0__2/P[47:0] is not pipelined (MREG=0). Pipelining the multiplier function will improve performance and will save significant power so it is suggested whenever possible to fully pipeline this function.  If this multiplier was inferred, it is suggested to describe an additional register stage after this function.  If there is no registered adder/accumulator following the multiply function, two pipeline stages are suggested to allow both the MREG and PREG registers to be used.  If the DSP48 was instantiated in the design, it is suggested to set both the MREG and PREG attributes to 1 when performing multiply functions.
Related violations: <none>

PDRC-132#1 Warning
SLICE_PairEqSame_A6A5_WARN  
Luts A6LUT and A5LUT in use in site SLICE_X13Y42 with different equations without A6 pin connected to Global Logic High.
Related violations: <none>

PDRC-132#2 Warning
SLICE_PairEqSame_A6A5_WARN  
Luts A6LUT and A5LUT in use in site SLICE_X32Y64 with different equations without A6 pin connected to Global Logic High.
Related violations: <none>

PDRC-132#3 Warning
SLICE_PairEqSame_A6A5_WARN  
Luts A6LUT and A5LUT in use in site SLICE_X33Y68 with different equations without A6 pin connected to Global Logic High.
Related violations: <none>

PDRC-132#4 Warning
SLICE_PairEqSame_A6A5_WARN  
Luts A6LUT and A5LUT in use in site SLICE_X44Y51 with different equations without A6 pin connected to Global Logic High.
Related violations: <none>

PDRC-132#5 Warning
SLICE_PairEqSame_A6A5_WARN  
Luts A6LUT and A5LUT in use in site SLICE_X44Y55 with different equations without A6 pin connected to Global Logic High.
Related violations: <none>

PDRC-132#6 Warning
SLICE_PairEqSame_A6A5_WARN  
Luts A6LUT and A5LUT in use in site SLICE_X57Y75 with different equations without A6 pin connected to Global Logic High.
Related violations: <none>

PDRC-132#7 Warning
SLICE_PairEqSame_A6A5_WARN  
Luts A6LUT and A5LUT in use in site SLICE_X63Y51 with different equations without A6 pin connected to Global Logic High.
Related violations: <none>

PDRC-132#8 Warning
SLICE_PairEqSame_A6A5_WARN  
Luts A6LUT and A5LUT in use in site SLICE_X63Y75 with different equations without A6 pin connected to Global Logic High.
Related violations: <none>

PDRC-132#9 Warning
SLICE_PairEqSame_A6A5_WARN  
Luts A6LUT and A5LUT in use in site SLICE_X79Y20 with different equations without A6 pin connected to Global Logic High.
Related violations: <none>

PDRC-134#1 Warning
SLICE_PairEqSame_B6B5_WARN  
Luts B6LUT and B5LUT in use in site SLICE_X13Y42 with different equations without A6 pin connected to Global Logic High.
Related violations: <none>

PDRC-134#2 Warning
SLICE_PairEqSame_B6B5_WARN  
Luts B6LUT and B5LUT in use in site SLICE_X31Y51 with different equations without A6 pin connected to Global Logic High.
Related violations: <none>

PDRC-134#3 Warning
SLICE_PairEqSame_B6B5_WARN  
Luts B6LUT and B5LUT in use in site SLICE_X32Y64 with different equations without A6 pin connected to Global Logic High.
Related violations: <none>

PDRC-134#4 Warning
SLICE_PairEqSame_B6B5_WARN  
Luts B6LUT and B5LUT in use in site SLICE_X33Y51 with different equations without A6 pin connected to Global Logic High.
Related violations: <none>

PDRC-134#5 Warning
SLICE_PairEqSame_B6B5_WARN  
Luts B6LUT and B5LUT in use in site SLICE_X33Y68 with different equations without A6 pin connected to Global Logic High.
Related violations: <none>

PDRC-134#6 Warning
SLICE_PairEqSame_B6B5_WARN  
Luts B6LUT and B5LUT in use in site SLICE_X35Y50 with different equations without A6 pin connected to Global Logic High.
Related violations: <none>

PDRC-134#7 Warning
SLICE_PairEqSame_B6B5_WARN  
Luts B6LUT and B5LUT in use in site SLICE_X36Y62 with different equations without A6 pin connected to Global Logic High.
Related violations: <none>

PDRC-134#8 Warning
SLICE_PairEqSame_B6B5_WARN  
Luts B6LUT and B5LUT in use in site SLICE_X40Y51 with different equations without A6 pin connected to Global Logic High.
Related violations: <none>

PDRC-134#9 Warning
SLICE_PairEqSame_B6B5_WARN  
Luts B6LUT and B5LUT in use in site SLICE_X41Y51 with different equations without A6 pin connected to Global Logic High.
Related violations: <none>

PDRC-134#10 Warning
SLICE_PairEqSame_B6B5_WARN  
Luts B6LUT and B5LUT in use in site SLICE_X43Y59 with different equations without A6 pin connected to Global Logic High.
Related violations: <none>

PDRC-134#11 Warning
SLICE_PairEqSame_B6B5_WARN  
Luts B6LUT and B5LUT in use in site SLICE_X44Y51 with different equations without A6 pin connected to Global Logic High.
Related violations: <none>

PDRC-134#12 Warning
SLICE_PairEqSame_B6B5_WARN  
Luts B6LUT and B5LUT in use in site SLICE_X44Y55 with different equations without A6 pin connected to Global Logic High.
Related violations: <none>

PDRC-134#13 Warning
SLICE_PairEqSame_B6B5_WARN  
Luts B6LUT and B5LUT in use in site SLICE_X55Y4 with different equations without A6 pin connected to Global Logic High.
Related violations: <none>

PDRC-134#14 Warning
SLICE_PairEqSame_B6B5_WARN  
Luts B6LUT and B5LUT in use in site SLICE_X61Y16 with different equations without A6 pin connected to Global Logic High.
Related violations: <none>

PDRC-134#15 Warning
SLICE_PairEqSame_B6B5_WARN  
Luts B6LUT and B5LUT in use in site SLICE_X61Y54 with different equations without A6 pin connected to Global Logic High.
Related violations: <none>

PDRC-134#16 Warning
SLICE_PairEqSame_B6B5_WARN  
Luts B6LUT and B5LUT in use in site SLICE_X64Y60 with different equations without A6 pin connected to Global Logic High.
Related violations: <none>

PDRC-134#17 Warning
SLICE_PairEqSame_B6B5_WARN  
Luts B6LUT and B5LUT in use in site SLICE_X65Y17 with different equations without A6 pin connected to Global Logic High.
Related violations: <none>

PDRC-134#18 Warning
SLICE_PairEqSame_B6B5_WARN  
Luts B6LUT and B5LUT in use in site SLICE_X65Y5 with different equations without A6 pin connected to Global Logic High.
Related violations: <none>

PDRC-134#19 Warning
SLICE_PairEqSame_B6B5_WARN  
Luts B6LUT and B5LUT in use in site SLICE_X65Y60 with different equations without A6 pin connected to Global Logic High.
Related violations: <none>

PDRC-134#20 Warning
SLICE_PairEqSame_B6B5_WARN  
Luts B6LUT and B5LUT in use in site SLICE_X65Y8 with different equations without A6 pin connected to Global Logic High.
Related violations: <none>

PDRC-134#21 Warning
SLICE_PairEqSame_B6B5_WARN  
Luts B6LUT and B5LUT in use in site SLICE_X67Y14 with different equations without A6 pin connected to Global Logic High.
Related violations: <none>

PDRC-134#22 Warning
SLICE_PairEqSame_B6B5_WARN  
Luts B6LUT and B5LUT in use in site SLICE_X67Y18 with different equations without A6 pin connected to Global Logic High.
Related violations: <none>

PDRC-134#23 Warning
SLICE_PairEqSame_B6B5_WARN  
Luts B6LUT and B5LUT in use in site SLICE_X69Y14 with different equations without A6 pin connected to Global Logic High.
Related violations: <none>

PDRC-134#24 Warning
SLICE_PairEqSame_B6B5_WARN  
Luts B6LUT and B5LUT in use in site SLICE_X79Y20 with different equations without A6 pin connected to Global Logic High.
Related violations: <none>

PDRC-136#1 Warning
SLICE_PairEqSame_C6C5_WARN  
Luts C6LUT and C5LUT in use in site SLICE_X0Y50 with different equations without A6 pin connected to Global Logic High.
Related violations: <none>

PDRC-136#2 Warning
SLICE_PairEqSame_C6C5_WARN  
Luts C6LUT and C5LUT in use in site SLICE_X1Y50 with different equations without A6 pin connected to Global Logic High.
Related violations: <none>

PDRC-136#3 Warning
SLICE_PairEqSame_C6C5_WARN  
Luts C6LUT and C5LUT in use in site SLICE_X31Y51 with different equations without A6 pin connected to Global Logic High.
Related violations: <none>

PDRC-136#4 Warning
SLICE_PairEqSame_C6C5_WARN  
Luts C6LUT and C5LUT in use in site SLICE_X31Y62 with different equations without A6 pin connected to Global Logic High.
Related violations: <none>

PDRC-136#5 Warning
SLICE_PairEqSame_C6C5_WARN  
Luts C6LUT and C5LUT in use in site SLICE_X32Y64 with different equations without A6 pin connected to Global Logic High.
Related violations: <none>

PDRC-136#6 Warning
SLICE_PairEqSame_C6C5_WARN  
Luts C6LUT and C5LUT in use in site SLICE_X33Y51 with different equations without A6 pin connected to Global Logic High.
Related violations: <none>

PDRC-136#7 Warning
SLICE_PairEqSame_C6C5_WARN  
Luts C6LUT and C5LUT in use in site SLICE_X33Y68 with different equations without A6 pin connected to Global Logic High.
Related violations: <none>

PDRC-136#8 Warning
SLICE_PairEqSame_C6C5_WARN  
Luts C6LUT and C5LUT in use in site SLICE_X35Y50 with different equations without A6 pin connected to Global Logic High.
Related violations: <none>

PDRC-136#9 Warning
SLICE_PairEqSame_C6C5_WARN  
Luts C6LUT and C5LUT in use in site SLICE_X37Y73 with different equations without A6 pin connected to Global Logic High.
Related violations: <none>

PDRC-136#10 Warning
SLICE_PairEqSame_C6C5_WARN  
Luts C6LUT and C5LUT in use in site SLICE_X41Y51 with different equations without A6 pin connected to Global Logic High.
Related violations: <none>

PDRC-136#11 Warning
SLICE_PairEqSame_C6C5_WARN  
Luts C6LUT and C5LUT in use in site SLICE_X41Y59 with different equations without A6 pin connected to Global Logic High.
Related violations: <none>

PDRC-136#12 Warning
SLICE_PairEqSame_C6C5_WARN  
Luts C6LUT and C5LUT in use in site SLICE_X43Y59 with different equations without A6 pin connected to Global Logic High.
Related violations: <none>

PDRC-136#13 Warning
SLICE_PairEqSame_C6C5_WARN  
Luts C6LUT and C5LUT in use in site SLICE_X44Y51 with different equations without A6 pin connected to Global Logic High.
Related violations: <none>

PDRC-136#14 Warning
SLICE_PairEqSame_C6C5_WARN  
Luts C6LUT and C5LUT in use in site SLICE_X44Y55 with different equations without A6 pin connected to Global Logic High.
Related violations: <none>

PDRC-136#15 Warning
SLICE_PairEqSame_C6C5_WARN  
Luts C6LUT and C5LUT in use in site SLICE_X49Y88 with different equations without A6 pin connected to Global Logic High.
Related violations: <none>

PDRC-136#16 Warning
SLICE_PairEqSame_C6C5_WARN  
Luts C6LUT and C5LUT in use in site SLICE_X49Y91 with different equations without A6 pin connected to Global Logic High.
Related violations: <none>

PDRC-136#17 Warning
SLICE_PairEqSame_C6C5_WARN  
Luts C6LUT and C5LUT in use in site SLICE_X4Y51 with different equations without A6 pin connected to Global Logic High.
Related violations: <none>

PDRC-136#18 Warning
SLICE_PairEqSame_C6C5_WARN  
Luts C6LUT and C5LUT in use in site SLICE_X4Y54 with different equations without A6 pin connected to Global Logic High.
Related violations: <none>

PDRC-136#19 Warning
SLICE_PairEqSame_C6C5_WARN  
Luts C6LUT and C5LUT in use in site SLICE_X51Y89 with different equations without A6 pin connected to Global Logic High.
Related violations: <none>

PDRC-136#20 Warning
SLICE_PairEqSame_C6C5_WARN  
Luts C6LUT and C5LUT in use in site SLICE_X55Y4 with different equations without A6 pin connected to Global Logic High.
Related violations: <none>

PDRC-136#21 Warning
SLICE_PairEqSame_C6C5_WARN  
Luts C6LUT and C5LUT in use in site SLICE_X55Y90 with different equations without A6 pin connected to Global Logic High.
Related violations: <none>

PDRC-136#22 Warning
SLICE_PairEqSame_C6C5_WARN  
Luts C6LUT and C5LUT in use in site SLICE_X5Y51 with different equations without A6 pin connected to Global Logic High.
Related violations: <none>

PDRC-136#23 Warning
SLICE_PairEqSame_C6C5_WARN  
Luts C6LUT and C5LUT in use in site SLICE_X61Y16 with different equations without A6 pin connected to Global Logic High.
Related violations: <none>

PDRC-136#24 Warning
SLICE_PairEqSame_C6C5_WARN  
Luts C6LUT and C5LUT in use in site SLICE_X65Y5 with different equations without A6 pin connected to Global Logic High.
Related violations: <none>

PDRC-136#25 Warning
SLICE_PairEqSame_C6C5_WARN  
Luts C6LUT and C5LUT in use in site SLICE_X65Y8 with different equations without A6 pin connected to Global Logic High.
Related violations: <none>

PDRC-136#26 Warning
SLICE_PairEqSame_C6C5_WARN  
Luts C6LUT and C5LUT in use in site SLICE_X67Y14 with different equations without A6 pin connected to Global Logic High.
Related violations: <none>

PDRC-136#27 Warning
SLICE_PairEqSame_C6C5_WARN  
Luts C6LUT and C5LUT in use in site SLICE_X67Y18 with different equations without A6 pin connected to Global Logic High.
Related violations: <none>

PDRC-136#28 Warning
SLICE_PairEqSame_C6C5_WARN  
Luts C6LUT and C5LUT in use in site SLICE_X75Y47 with different equations without A6 pin connected to Global Logic High.
Related violations: <none>

PDRC-136#29 Warning
SLICE_PairEqSame_C6C5_WARN  
Luts C6LUT and C5LUT in use in site SLICE_X79Y20 with different equations without A6 pin connected to Global Logic High.
Related violations: <none>

PDRC-136#30 Warning
SLICE_PairEqSame_C6C5_WARN  
Luts C6LUT and C5LUT in use in site SLICE_X7Y52 with different equations without A6 pin connected to Global Logic High.
Related violations: <none>

PDRC-138#1 Warning
SLICE_PairEqSame_D6D5_WARN  
Luts D6LUT and D5LUT in use in site SLICE_X31Y51 with different equations without A6 pin connected to Global Logic High.
Related violations: <none>

PDRC-138#2 Warning
SLICE_PairEqSame_D6D5_WARN  
Luts D6LUT and D5LUT in use in site SLICE_X31Y62 with different equations without A6 pin connected to Global Logic High.
Related violations: <none>

PDRC-138#3 Warning
SLICE_PairEqSame_D6D5_WARN  
Luts D6LUT and D5LUT in use in site SLICE_X32Y64 with different equations without A6 pin connected to Global Logic High.
Related violations: <none>

PDRC-138#4 Warning
SLICE_PairEqSame_D6D5_WARN  
Luts D6LUT and D5LUT in use in site SLICE_X33Y51 with different equations without A6 pin connected to Global Logic High.
Related violations: <none>

PDRC-138#5 Warning
SLICE_PairEqSame_D6D5_WARN  
Luts D6LUT and D5LUT in use in site SLICE_X33Y68 with different equations without A6 pin connected to Global Logic High.
Related violations: <none>

PDRC-138#6 Warning
SLICE_PairEqSame_D6D5_WARN  
Luts D6LUT and D5LUT in use in site SLICE_X35Y15 with different equations without A6 pin connected to Global Logic High.
Related violations: <none>

PDRC-138#7 Warning
SLICE_PairEqSame_D6D5_WARN  
Luts D6LUT and D5LUT in use in site SLICE_X35Y50 with different equations without A6 pin connected to Global Logic High.
Related violations: <none>

PDRC-138#8 Warning
SLICE_PairEqSame_D6D5_WARN  
Luts D6LUT and D5LUT in use in site SLICE_X36Y15 with different equations without A6 pin connected to Global Logic High.
Related violations: <none>

PDRC-138#9 Warning
SLICE_PairEqSame_D6D5_WARN  
Luts D6LUT and D5LUT in use in site SLICE_X37Y64 with different equations without A6 pin connected to Global Logic High.
Related violations: <none>

PDRC-138#10 Warning
SLICE_PairEqSame_D6D5_WARN  
Luts D6LUT and D5LUT in use in site SLICE_X41Y51 with different equations without A6 pin connected to Global Logic High.
Related violations: <none>

PDRC-138#11 Warning
SLICE_PairEqSame_D6D5_WARN  
Luts D6LUT and D5LUT in use in site SLICE_X41Y59 with different equations without A6 pin connected to Global Logic High.
Related violations: <none>

PDRC-138#12 Warning
SLICE_PairEqSame_D6D5_WARN  
Luts D6LUT and D5LUT in use in site SLICE_X43Y59 with different equations without A6 pin connected to Global Logic High.
Related violations: <none>

PDRC-138#13 Warning
SLICE_PairEqSame_D6D5_WARN  
Luts D6LUT and D5LUT in use in site SLICE_X44Y51 with different equations without A6 pin connected to Global Logic High.
Related violations: <none>

PDRC-138#14 Warning
SLICE_PairEqSame_D6D5_WARN  
Luts D6LUT and D5LUT in use in site SLICE_X44Y55 with different equations without A6 pin connected to Global Logic High.
Related violations: <none>

PDRC-138#15 Warning
SLICE_PairEqSame_D6D5_WARN  
Luts D6LUT and D5LUT in use in site SLICE_X49Y88 with different equations without A6 pin connected to Global Logic High.
Related violations: <none>

PDRC-138#16 Warning
SLICE_PairEqSame_D6D5_WARN  
Luts D6LUT and D5LUT in use in site SLICE_X49Y91 with different equations without A6 pin connected to Global Logic High.
Related violations: <none>

PDRC-138#17 Warning
SLICE_PairEqSame_D6D5_WARN  
Luts D6LUT and D5LUT in use in site SLICE_X51Y89 with different equations without A6 pin connected to Global Logic High.
Related violations: <none>

PDRC-138#18 Warning
SLICE_PairEqSame_D6D5_WARN  
Luts D6LUT and D5LUT in use in site SLICE_X51Y92 with different equations without A6 pin connected to Global Logic High.
Related violations: <none>

PDRC-138#19 Warning
SLICE_PairEqSame_D6D5_WARN  
Luts D6LUT and D5LUT in use in site SLICE_X52Y18 with different equations without A6 pin connected to Global Logic High.
Related violations: <none>

PDRC-138#20 Warning
SLICE_PairEqSame_D6D5_WARN  
Luts D6LUT and D5LUT in use in site SLICE_X55Y4 with different equations without A6 pin connected to Global Logic High.
Related violations: <none>

PDRC-138#21 Warning
SLICE_PairEqSame_D6D5_WARN  
Luts D6LUT and D5LUT in use in site SLICE_X55Y90 with different equations without A6 pin connected to Global Logic High.
Related violations: <none>

PDRC-138#22 Warning
SLICE_PairEqSame_D6D5_WARN  
Luts D6LUT and D5LUT in use in site SLICE_X61Y16 with different equations without A6 pin connected to Global Logic High.
Related violations: <none>

PDRC-138#23 Warning
SLICE_PairEqSame_D6D5_WARN  
Luts D6LUT and D5LUT in use in site SLICE_X61Y75 with different equations without A6 pin connected to Global Logic High.
Related violations: <none>

PDRC-138#24 Warning
SLICE_PairEqSame_D6D5_WARN  
Luts D6LUT and D5LUT in use in site SLICE_X65Y8 with different equations without A6 pin connected to Global Logic High.
Related violations: <none>

PDRC-138#25 Warning
SLICE_PairEqSame_D6D5_WARN  
Luts D6LUT and D5LUT in use in site SLICE_X67Y14 with different equations without A6 pin connected to Global Logic High.
Related violations: <none>

PDRC-138#26 Warning
SLICE_PairEqSame_D6D5_WARN  
Luts D6LUT and D5LUT in use in site SLICE_X67Y56 with different equations without A6 pin connected to Global Logic High.
Related violations: <none>

PDRC-138#27 Warning
SLICE_PairEqSame_D6D5_WARN  
Luts D6LUT and D5LUT in use in site SLICE_X75Y47 with different equations without A6 pin connected to Global Logic High.
Related violations: <none>

PDRC-138#28 Warning
SLICE_PairEqSame_D6D5_WARN  
Luts D6LUT and D5LUT in use in site SLICE_X79Y20 with different equations without A6 pin connected to Global Logic High.
Related violations: <none>

PDRC-138#29 Warning
SLICE_PairEqSame_D6D5_WARN  
Luts D6LUT and D5LUT in use in site SLICE_X79Y49 with different equations without A6 pin connected to Global Logic High.
Related violations: <none>

PDRC-140#1 Warning
SLICE_PairEqSame_A6A5_WARN  
Luts A6LUT and A5LUT in use in site SLICE_X78Y50 with different equations without A6 pin connected to Global Logic High.
Related violations: <none>

PDRC-142#1 Warning
SLICE_PairEqSame_B6B5_WARN  
Luts B6LUT and B5LUT in use in site SLICE_X30Y51 with different equations without A6 pin connected to Global Logic High.
Related violations: <none>

PDRC-142#2 Warning
SLICE_PairEqSame_B6B5_WARN  
Luts B6LUT and B5LUT in use in site SLICE_X38Y51 with different equations without A6 pin connected to Global Logic High.
Related violations: <none>

PDRC-142#3 Warning
SLICE_PairEqSame_B6B5_WARN  
Luts B6LUT and B5LUT in use in site SLICE_X54Y2 with different equations without A6 pin connected to Global Logic High.
Related violations: <none>

PDRC-142#4 Warning
SLICE_PairEqSame_B6B5_WARN  
Luts B6LUT and B5LUT in use in site SLICE_X62Y2 with different equations without A6 pin connected to Global Logic High.
Related violations: <none>

PDRC-142#5 Warning
SLICE_PairEqSame_B6B5_WARN  
Luts B6LUT and B5LUT in use in site SLICE_X62Y5 with different equations without A6 pin connected to Global Logic High.
Related violations: <none>

PDRC-142#6 Warning
SLICE_PairEqSame_B6B5_WARN  
Luts B6LUT and B5LUT in use in site SLICE_X78Y50 with different equations without A6 pin connected to Global Logic High.
Related violations: <none>

PDRC-142#7 Warning
SLICE_PairEqSame_B6B5_WARN  
Luts B6LUT and B5LUT in use in site SLICE_X8Y38 with different equations without A6 pin connected to Global Logic High.
Related violations: <none>

PDRC-144#1 Warning
SLICE_PairEqSame_C6C5_WARN  
Luts C6LUT and C5LUT in use in site SLICE_X10Y53 with different equations without A6 pin connected to Global Logic High.
Related violations: <none>

PDRC-144#2 Warning
SLICE_PairEqSame_C6C5_WARN  
Luts C6LUT and C5LUT in use in site SLICE_X12Y52 with different equations without A6 pin connected to Global Logic High.
Related violations: <none>

PDRC-144#3 Warning
SLICE_PairEqSame_C6C5_WARN  
Luts C6LUT and C5LUT in use in site SLICE_X2Y52 with different equations without A6 pin connected to Global Logic High.
Related violations: <none>

PDRC-144#4 Warning
SLICE_PairEqSame_C6C5_WARN  
Luts C6LUT and C5LUT in use in site SLICE_X38Y51 with different equations without A6 pin connected to Global Logic High.
Related violations: <none>

PDRC-144#5 Warning
SLICE_PairEqSame_C6C5_WARN  
Luts C6LUT and C5LUT in use in site SLICE_X42Y59 with different equations without A6 pin connected to Global Logic High.
Related violations: <none>

PDRC-144#6 Warning
SLICE_PairEqSame_C6C5_WARN  
Luts C6LUT and C5LUT in use in site SLICE_X54Y2 with different equations without A6 pin connected to Global Logic High.
Related violations: <none>

PDRC-144#7 Warning
SLICE_PairEqSame_C6C5_WARN  
Luts C6LUT and C5LUT in use in site SLICE_X62Y2 with different equations without A6 pin connected to Global Logic High.
Related violations: <none>

PDRC-144#8 Warning
SLICE_PairEqSame_C6C5_WARN  
Luts C6LUT and C5LUT in use in site SLICE_X6Y53 with different equations without A6 pin connected to Global Logic High.
Related violations: <none>

PDRC-144#9 Warning
SLICE_PairEqSame_C6C5_WARN  
Luts C6LUT and C5LUT in use in site SLICE_X78Y50 with different equations without A6 pin connected to Global Logic High.
Related violations: <none>

PDRC-146#1 Warning
SLICE_PairEqSame_D6D5_WARN  
Luts D6LUT and D5LUT in use in site SLICE_X12Y52 with different equations without A6 pin connected to Global Logic High.
Related violations: <none>

PDRC-146#2 Warning
SLICE_PairEqSame_D6D5_WARN  
Luts D6LUT and D5LUT in use in site SLICE_X34Y21 with different equations without A6 pin connected to Global Logic High.
Related violations: <none>

PDRC-146#3 Warning
SLICE_PairEqSame_D6D5_WARN  
Luts D6LUT and D5LUT in use in site SLICE_X42Y59 with different equations without A6 pin connected to Global Logic High.
Related violations: <none>

PDRC-146#4 Warning
SLICE_PairEqSame_D6D5_WARN  
Luts D6LUT and D5LUT in use in site SLICE_X54Y2 with different equations without A6 pin connected to Global Logic High.
Related violations: <none>

REQP-1839#1 Warning
RAMB36 async control check  
The RAMB36E1 swervolf/rvtop/mem/Gen_dccm_enable.dccm/mem_bank[0].dccm.dccm_bank/ram_core_reg_0 has an input control pin swervolf/rvtop/mem/Gen_dccm_enable.dccm/mem_bank[0].dccm.dccm_bank/ram_core_reg_0/ADDRARDADDR[14] (net: swervolf/rvtop/mem/Gen_dccm_enable.dccm/mem_bank[0].dccm.dccm_bank/ADR[9]) which is driven by a register (swervolf/rvtop/veer/dbg/dbg_state_reg/genblock.dffs/dout_reg[0]) that has an active asychronous set or reset. This may cause corruption of the memory contents and/or read values when the set/reset is asserted and is not analyzed by the default static timing analysis. It is suggested to eliminate the use of a set/reset to registers driving this RAMB pin or else use a synchronous reset in which the assertion of the reset is timed by default.
Related violations: <none>

REQP-1839#2 Warning
RAMB36 async control check  
The RAMB36E1 swervolf/rvtop/mem/Gen_dccm_enable.dccm/mem_bank[0].dccm.dccm_bank/ram_core_reg_0 has an input control pin swervolf/rvtop/mem/Gen_dccm_enable.dccm/mem_bank[0].dccm.dccm_bank/ram_core_reg_0/ADDRARDADDR[14] (net: swervolf/rvtop/mem/Gen_dccm_enable.dccm/mem_bank[0].dccm.dccm_bank/ADR[9]) which is driven by a register (swervolf/rvtop/veer/dbg/dbg_state_reg/genblock.dffs/dout_reg[1]) that has an active asychronous set or reset. This may cause corruption of the memory contents and/or read values when the set/reset is asserted and is not analyzed by the default static timing analysis. It is suggested to eliminate the use of a set/reset to registers driving this RAMB pin or else use a synchronous reset in which the assertion of the reset is timed by default.
Related violations: <none>

REQP-1839#3 Warning
RAMB36 async control check  
The RAMB36E1 swervolf/rvtop/mem/Gen_dccm_enable.dccm/mem_bank[0].dccm.dccm_bank/ram_core_reg_0 has an input control pin swervolf/rvtop/mem/Gen_dccm_enable.dccm/mem_bank[0].dccm.dccm_bank/ram_core_reg_0/ADDRARDADDR[14] (net: swervolf/rvtop/mem/Gen_dccm_enable.dccm/mem_bank[0].dccm.dccm_bank/ADR[9]) which is driven by a register (swervolf/rvtop/veer/dbg/dbg_state_reg/genblock.dffs/dout_reg[2]) that has an active asychronous set or reset. This may cause corruption of the memory contents and/or read values when the set/reset is asserted and is not analyzed by the default static timing analysis. It is suggested to eliminate the use of a set/reset to registers driving this RAMB pin or else use a synchronous reset in which the assertion of the reset is timed by default.
Related violations: <none>

REQP-1839#4 Warning
RAMB36 async control check  
The RAMB36E1 swervolf/rvtop/mem/Gen_dccm_enable.dccm/mem_bank[0].dccm.dccm_bank/ram_core_reg_0 has an input control pin swervolf/rvtop/mem/Gen_dccm_enable.dccm/mem_bank[0].dccm.dccm_bank/ram_core_reg_0/ADDRARDADDR[14] (net: swervolf/rvtop/mem/Gen_dccm_enable.dccm/mem_bank[0].dccm.dccm_bank/ADR[9]) which is driven by a register (swervolf/rvtop/veer/dbg/dbg_state_reg/genblock.dffs/dout_reg[3]) that has an active asychronous set or reset. This may cause corruption of the memory contents and/or read values when the set/reset is asserted and is not analyzed by the default static timing analysis. It is suggested to eliminate the use of a set/reset to registers driving this RAMB pin or else use a synchronous reset in which the assertion of the reset is timed by default.
Related violations: <none>

REQP-1839#5 Warning
RAMB36 async control check  
The RAMB36E1 swervolf/rvtop/mem/Gen_dccm_enable.dccm/mem_bank[0].dccm.dccm_bank/ram_core_reg_0 has an input control pin swervolf/rvtop/mem/Gen_dccm_enable.dccm/mem_bank[0].dccm.dccm_bank/ram_core_reg_0/ADDRARDADDR[14] (net: swervolf/rvtop/mem/Gen_dccm_enable.dccm/mem_bank[0].dccm.dccm_bank/ADR[9]) which is driven by a register (swervolf/rvtop/veer/dbg/dmcontrolff/genblock.dffs/dout_reg[3]) that has an active asychronous set or reset. This may cause corruption of the memory contents and/or read values when the set/reset is asserted and is not analyzed by the default static timing analysis. It is suggested to eliminate the use of a set/reset to registers driving this RAMB pin or else use a synchronous reset in which the assertion of the reset is timed by default.
Related violations: <none>

REQP-1839#6 Warning
RAMB36 async control check  
The RAMB36E1 swervolf/rvtop/mem/Gen_dccm_enable.dccm/mem_bank[0].dccm.dccm_bank/ram_core_reg_0 has an input control pin swervolf/rvtop/mem/Gen_dccm_enable.dccm/mem_bank[0].dccm.dccm_bank/ram_core_reg_0/ADDRARDADDR[14] (net: swervolf/rvtop/mem/Gen_dccm_enable.dccm/mem_bank[0].dccm.dccm_bank/ADR[9]) which is driven by a register (swervolf/rvtop/veer/dec/decode/cam_array[0].cam_ff/genblock.dff/genblock.dffs/dout_reg[0]) that has an active asychronous set or reset. This may cause corruption of the memory contents and/or read values when the set/reset is asserted and is not analyzed by the default static timing analysis. It is suggested to eliminate the use of a set/reset to registers driving this RAMB pin or else use a synchronous reset in which the assertion of the reset is timed by default.
Related violations: <none>

REQP-1839#7 Warning
RAMB36 async control check  
The RAMB36E1 swervolf/rvtop/mem/Gen_dccm_enable.dccm/mem_bank[0].dccm.dccm_bank/ram_core_reg_0 has an input control pin swervolf/rvtop/mem/Gen_dccm_enable.dccm/mem_bank[0].dccm.dccm_bank/ram_core_reg_0/ADDRARDADDR[14] (net: swervolf/rvtop/mem/Gen_dccm_enable.dccm/mem_bank[0].dccm.dccm_bank/ADR[9]) which is driven by a register (swervolf/rvtop/veer/dec/decode/cam_array[0].cam_ff/genblock.dff/genblock.dffs/dout_reg[1]) that has an active asychronous set or reset. This may cause corruption of the memory contents and/or read values when the set/reset is asserted and is not analyzed by the default static timing analysis. It is suggested to eliminate the use of a set/reset to registers driving this RAMB pin or else use a synchronous reset in which the assertion of the reset is timed by default.
Related violations: <none>

REQP-1839#8 Warning
RAMB36 async control check  
The RAMB36E1 swervolf/rvtop/mem/Gen_dccm_enable.dccm/mem_bank[0].dccm.dccm_bank/ram_core_reg_0 has an input control pin swervolf/rvtop/mem/Gen_dccm_enable.dccm/mem_bank[0].dccm.dccm_bank/ram_core_reg_0/ADDRARDADDR[14] (net: swervolf/rvtop/mem/Gen_dccm_enable.dccm/mem_bank[0].dccm.dccm_bank/ADR[9]) which is driven by a register (swervolf/rvtop/veer/dec/decode/cam_array[0].cam_ff/genblock.dff/genblock.dffs/dout_reg[2]) that has an active asychronous set or reset. This may cause corruption of the memory contents and/or read values when the set/reset is asserted and is not analyzed by the default static timing analysis. It is suggested to eliminate the use of a set/reset to registers driving this RAMB pin or else use a synchronous reset in which the assertion of the reset is timed by default.
Related violations: <none>

REQP-1839#9 Warning
RAMB36 async control check  
The RAMB36E1 swervolf/rvtop/mem/Gen_dccm_enable.dccm/mem_bank[0].dccm.dccm_bank/ram_core_reg_0 has an input control pin swervolf/rvtop/mem/Gen_dccm_enable.dccm/mem_bank[0].dccm.dccm_bank/ram_core_reg_0/ADDRARDADDR[14] (net: swervolf/rvtop/mem/Gen_dccm_enable.dccm/mem_bank[0].dccm.dccm_bank/ADR[9]) which is driven by a register (swervolf/rvtop/veer/dec/decode/cam_array[0].cam_ff/genblock.dff/genblock.dffs/dout_reg[3]) that has an active asychronous set or reset. This may cause corruption of the memory contents and/or read values when the set/reset is asserted and is not analyzed by the default static timing analysis. It is suggested to eliminate the use of a set/reset to registers driving this RAMB pin or else use a synchronous reset in which the assertion of the reset is timed by default.
Related violations: <none>

REQP-1839#10 Warning
RAMB36 async control check  
The RAMB36E1 swervolf/rvtop/mem/Gen_dccm_enable.dccm/mem_bank[0].dccm.dccm_bank/ram_core_reg_0 has an input control pin swervolf/rvtop/mem/Gen_dccm_enable.dccm/mem_bank[0].dccm.dccm_bank/ram_core_reg_0/ADDRARDADDR[14] (net: swervolf/rvtop/mem/Gen_dccm_enable.dccm/mem_bank[0].dccm.dccm_bank/ADR[9]) which is driven by a register (swervolf/rvtop/veer/dec/decode/cam_array[0].cam_ff/genblock.dff/genblock.dffs/dout_reg[4]) that has an active asychronous set or reset. This may cause corruption of the memory contents and/or read values when the set/reset is asserted and is not analyzed by the default static timing analysis. It is suggested to eliminate the use of a set/reset to registers driving this RAMB pin or else use a synchronous reset in which the assertion of the reset is timed by default.
Related violations: <none>

REQP-1839#11 Warning
RAMB36 async control check  
The RAMB36E1 swervolf/rvtop/mem/Gen_dccm_enable.dccm/mem_bank[0].dccm.dccm_bank/ram_core_reg_0 has an input control pin swervolf/rvtop/mem/Gen_dccm_enable.dccm/mem_bank[0].dccm.dccm_bank/ram_core_reg_0/ADDRARDADDR[14] (net: swervolf/rvtop/mem/Gen_dccm_enable.dccm/mem_bank[0].dccm.dccm_bank/ADR[9]) which is driven by a register (swervolf/rvtop/veer/dec/decode/cam_array[0].cam_ff/genblock.dff/genblock.dffs/dout_reg[5]) that has an active asychronous set or reset. This may cause corruption of the memory contents and/or read values when the set/reset is asserted and is not analyzed by the default static timing analysis. It is suggested to eliminate the use of a set/reset to registers driving this RAMB pin or else use a synchronous reset in which the assertion of the reset is timed by default.
Related violations: <none>

REQP-1839#12 Warning
RAMB36 async control check  
The RAMB36E1 swervolf/rvtop/mem/Gen_dccm_enable.dccm/mem_bank[0].dccm.dccm_bank/ram_core_reg_0 has an input control pin swervolf/rvtop/mem/Gen_dccm_enable.dccm/mem_bank[0].dccm.dccm_bank/ram_core_reg_0/ADDRARDADDR[14] (net: swervolf/rvtop/mem/Gen_dccm_enable.dccm/mem_bank[0].dccm.dccm_bank/ADR[9]) which is driven by a register (swervolf/rvtop/veer/dec/decode/cam_array[0].cam_ff/genblock.dff/genblock.dffs/dout_reg[6]) that has an active asychronous set or reset. This may cause corruption of the memory contents and/or read values when the set/reset is asserted and is not analyzed by the default static timing analysis. It is suggested to eliminate the use of a set/reset to registers driving this RAMB pin or else use a synchronous reset in which the assertion of the reset is timed by default.
Related violations: <none>

REQP-1839#13 Warning
RAMB36 async control check  
The RAMB36E1 swervolf/rvtop/mem/Gen_dccm_enable.dccm/mem_bank[0].dccm.dccm_bank/ram_core_reg_0 has an input control pin swervolf/rvtop/mem/Gen_dccm_enable.dccm/mem_bank[0].dccm.dccm_bank/ram_core_reg_0/ADDRARDADDR[14] (net: swervolf/rvtop/mem/Gen_dccm_enable.dccm/mem_bank[0].dccm.dccm_bank/ADR[9]) which is driven by a register (swervolf/rvtop/veer/dec/decode/cam_array[0].cam_ff/genblock.dff/genblock.dffs/dout_reg[9]) that has an active asychronous set or reset. This may cause corruption of the memory contents and/or read values when the set/reset is asserted and is not analyzed by the default static timing analysis. It is suggested to eliminate the use of a set/reset to registers driving this RAMB pin or else use a synchronous reset in which the assertion of the reset is timed by default.
Related violations: <none>

REQP-1839#14 Warning
RAMB36 async control check  
The RAMB36E1 swervolf/rvtop/mem/Gen_dccm_enable.dccm/mem_bank[0].dccm.dccm_bank/ram_core_reg_0 has an input control pin swervolf/rvtop/mem/Gen_dccm_enable.dccm/mem_bank[0].dccm.dccm_bank/ram_core_reg_0/ADDRARDADDR[14] (net: swervolf/rvtop/mem/Gen_dccm_enable.dccm/mem_bank[0].dccm.dccm_bank/ADR[9]) which is driven by a register (swervolf/rvtop/veer/dec/decode/cam_array[1].cam_ff/genblock.dff/genblock.dffs/dout_reg[0]) that has an active asychronous set or reset. This may cause corruption of the memory contents and/or read values when the set/reset is asserted and is not analyzed by the default static timing analysis. It is suggested to eliminate the use of a set/reset to registers driving this RAMB pin or else use a synchronous reset in which the assertion of the reset is timed by default.
Related violations: <none>

REQP-1839#15 Warning
RAMB36 async control check  
The RAMB36E1 swervolf/rvtop/mem/Gen_dccm_enable.dccm/mem_bank[0].dccm.dccm_bank/ram_core_reg_0 has an input control pin swervolf/rvtop/mem/Gen_dccm_enable.dccm/mem_bank[0].dccm.dccm_bank/ram_core_reg_0/ADDRARDADDR[14] (net: swervolf/rvtop/mem/Gen_dccm_enable.dccm/mem_bank[0].dccm.dccm_bank/ADR[9]) which is driven by a register (swervolf/rvtop/veer/dec/decode/cam_array[1].cam_ff/genblock.dff/genblock.dffs/dout_reg[1]) that has an active asychronous set or reset. This may cause corruption of the memory contents and/or read values when the set/reset is asserted and is not analyzed by the default static timing analysis. It is suggested to eliminate the use of a set/reset to registers driving this RAMB pin or else use a synchronous reset in which the assertion of the reset is timed by default.
Related violations: <none>

REQP-1839#16 Warning
RAMB36 async control check  
The RAMB36E1 swervolf/rvtop/mem/Gen_dccm_enable.dccm/mem_bank[0].dccm.dccm_bank/ram_core_reg_0 has an input control pin swervolf/rvtop/mem/Gen_dccm_enable.dccm/mem_bank[0].dccm.dccm_bank/ram_core_reg_0/ADDRARDADDR[14] (net: swervolf/rvtop/mem/Gen_dccm_enable.dccm/mem_bank[0].dccm.dccm_bank/ADR[9]) which is driven by a register (swervolf/rvtop/veer/dec/decode/cam_array[1].cam_ff/genblock.dff/genblock.dffs/dout_reg[2]) that has an active asychronous set or reset. This may cause corruption of the memory contents and/or read values when the set/reset is asserted and is not analyzed by the default static timing analysis. It is suggested to eliminate the use of a set/reset to registers driving this RAMB pin or else use a synchronous reset in which the assertion of the reset is timed by default.
Related violations: <none>

REQP-1839#17 Warning
RAMB36 async control check  
The RAMB36E1 swervolf/rvtop/mem/Gen_dccm_enable.dccm/mem_bank[0].dccm.dccm_bank/ram_core_reg_0 has an input control pin swervolf/rvtop/mem/Gen_dccm_enable.dccm/mem_bank[0].dccm.dccm_bank/ram_core_reg_0/ADDRARDADDR[14] (net: swervolf/rvtop/mem/Gen_dccm_enable.dccm/mem_bank[0].dccm.dccm_bank/ADR[9]) which is driven by a register (swervolf/rvtop/veer/dec/decode/cam_array[1].cam_ff/genblock.dff/genblock.dffs/dout_reg[3]) that has an active asychronous set or reset. This may cause corruption of the memory contents and/or read values when the set/reset is asserted and is not analyzed by the default static timing analysis. It is suggested to eliminate the use of a set/reset to registers driving this RAMB pin or else use a synchronous reset in which the assertion of the reset is timed by default.
Related violations: <none>

REQP-1839#18 Warning
RAMB36 async control check  
The RAMB36E1 swervolf/rvtop/mem/Gen_dccm_enable.dccm/mem_bank[0].dccm.dccm_bank/ram_core_reg_0 has an input control pin swervolf/rvtop/mem/Gen_dccm_enable.dccm/mem_bank[0].dccm.dccm_bank/ram_core_reg_0/ADDRARDADDR[14] (net: swervolf/rvtop/mem/Gen_dccm_enable.dccm/mem_bank[0].dccm.dccm_bank/ADR[9]) which is driven by a register (swervolf/rvtop/veer/dec/decode/cam_array[1].cam_ff/genblock.dff/genblock.dffs/dout_reg[5]) that has an active asychronous set or reset. This may cause corruption of the memory contents and/or read values when the set/reset is asserted and is not analyzed by the default static timing analysis. It is suggested to eliminate the use of a set/reset to registers driving this RAMB pin or else use a synchronous reset in which the assertion of the reset is timed by default.
Related violations: <none>

REQP-1839#19 Warning
RAMB36 async control check  
The RAMB36E1 swervolf/rvtop/mem/Gen_dccm_enable.dccm/mem_bank[0].dccm.dccm_bank/ram_core_reg_0 has an input control pin swervolf/rvtop/mem/Gen_dccm_enable.dccm/mem_bank[0].dccm.dccm_bank/ram_core_reg_0/ADDRARDADDR[14] (net: swervolf/rvtop/mem/Gen_dccm_enable.dccm/mem_bank[0].dccm.dccm_bank/ADR[9]) which is driven by a register (swervolf/rvtop/veer/dec/decode/cam_array[1].cam_ff/genblock.dff/genblock.dffs/dout_reg[6]) that has an active asychronous set or reset. This may cause corruption of the memory contents and/or read values when the set/reset is asserted and is not analyzed by the default static timing analysis. It is suggested to eliminate the use of a set/reset to registers driving this RAMB pin or else use a synchronous reset in which the assertion of the reset is timed by default.
Related violations: <none>

REQP-1839#20 Warning
RAMB36 async control check  
The RAMB36E1 swervolf/rvtop/mem/Gen_dccm_enable.dccm/mem_bank[0].dccm.dccm_bank/ram_core_reg_0 has an input control pin swervolf/rvtop/mem/Gen_dccm_enable.dccm/mem_bank[0].dccm.dccm_bank/ram_core_reg_0/ADDRARDADDR[14] (net: swervolf/rvtop/mem/Gen_dccm_enable.dccm/mem_bank[0].dccm.dccm_bank/ADR[9]) which is driven by a register (swervolf/rvtop/veer/dec/decode/cam_array[1].cam_ff/genblock.dff/genblock.dffs/dout_reg[9]) that has an active asychronous set or reset. This may cause corruption of the memory contents and/or read values when the set/reset is asserted and is not analyzed by the default static timing analysis. It is suggested to eliminate the use of a set/reset to registers driving this RAMB pin or else use a synchronous reset in which the assertion of the reset is timed by default.
Related violations: <none>

REQP-1840#1 Warning
RAMB18 async control check  
The RAMB18E1 swervolf/rvtop/mem/iccm.iccm/mem_bank[0].iccm.iccm_bank/ram_core_reg_0 has an input control pin swervolf/rvtop/mem/iccm.iccm/mem_bank[0].iccm.iccm_bank/ram_core_reg_0/ADDRARDADDR[11] (net: swervolf/rvtop/mem/iccm.iccm/mem_bank[0].iccm.iccm_bank/ADDRARDADDR[7]) which is driven by a register (cdc/i_axi_cdc/i_cdc_fifo_gray_r/i_dst/i_spill_register/gen_spill_reg.a_data_q_reg[68]) that has an active asychronous set or reset. This may cause corruption of the memory contents and/or read values when the set/reset is asserted and is not analyzed by the default static timing analysis. It is suggested to eliminate the use of a set/reset to registers driving this RAMB pin or else use a synchronous reset in which the assertion of the reset is timed by default.
Related violations: <none>

REQP-1840#2 Warning
RAMB18 async control check  
The RAMB18E1 swervolf/rvtop/mem/iccm.iccm/mem_bank[0].iccm.iccm_bank/ram_core_reg_0 has an input control pin swervolf/rvtop/mem/iccm.iccm/mem_bank[0].iccm.iccm_bank/ram_core_reg_0/ADDRARDADDR[11] (net: swervolf/rvtop/mem/iccm.iccm/mem_bank[0].iccm.iccm_bank/ADDRARDADDR[7]) which is driven by a register (cdc/i_axi_cdc/i_cdc_fifo_gray_r/i_dst/i_spill_register/gen_spill_reg.a_data_q_reg[69]) that has an active asychronous set or reset. This may cause corruption of the memory contents and/or read values when the set/reset is asserted and is not analyzed by the default static timing analysis. It is suggested to eliminate the use of a set/reset to registers driving this RAMB pin or else use a synchronous reset in which the assertion of the reset is timed by default.
Related violations: <none>

REQP-1840#3 Warning
RAMB18 async control check  
The RAMB18E1 swervolf/rvtop/mem/iccm.iccm/mem_bank[0].iccm.iccm_bank/ram_core_reg_0 has an input control pin swervolf/rvtop/mem/iccm.iccm/mem_bank[0].iccm.iccm_bank/ram_core_reg_0/ADDRARDADDR[11] (net: swervolf/rvtop/mem/iccm.iccm/mem_bank[0].iccm.iccm_bank/ADDRARDADDR[7]) which is driven by a register (cdc/i_axi_cdc/i_cdc_fifo_gray_r/i_dst/i_spill_register/gen_spill_reg.a_data_q_reg[70]) that has an active asychronous set or reset. This may cause corruption of the memory contents and/or read values when the set/reset is asserted and is not analyzed by the default static timing analysis. It is suggested to eliminate the use of a set/reset to registers driving this RAMB pin or else use a synchronous reset in which the assertion of the reset is timed by default.
Related violations: <none>

REQP-1840#4 Warning
RAMB18 async control check  
The RAMB18E1 swervolf/rvtop/mem/iccm.iccm/mem_bank[0].iccm.iccm_bank/ram_core_reg_0 has an input control pin swervolf/rvtop/mem/iccm.iccm/mem_bank[0].iccm.iccm_bank/ram_core_reg_0/ADDRARDADDR[11] (net: swervolf/rvtop/mem/iccm.iccm/mem_bank[0].iccm.iccm_bank/ADDRARDADDR[7]) which is driven by a register (swervolf/axi_intercon/axi_xbar/gen_slv_port_demux[0].i_axi_demux/gen_demux.i_r_mux/gen_arbiter.gen_int_rr.rr_q_reg[0]) that has an active asychronous set or reset. This may cause corruption of the memory contents and/or read values when the set/reset is asserted and is not analyzed by the default static timing analysis. It is suggested to eliminate the use of a set/reset to registers driving this RAMB pin or else use a synchronous reset in which the assertion of the reset is timed by default.
Related violations: <none>

REQP-1840#5 Warning
RAMB18 async control check  
The RAMB18E1 swervolf/rvtop/mem/iccm.iccm/mem_bank[0].iccm.iccm_bank/ram_core_reg_0 has an input control pin swervolf/rvtop/mem/iccm.iccm/mem_bank[0].iccm.iccm_bank/ram_core_reg_0/ADDRARDADDR[11] (net: swervolf/rvtop/mem/iccm.iccm/mem_bank[0].iccm.iccm_bank/ADDRARDADDR[7]) which is driven by a register (swervolf/axi_intercon/axi_xbar/gen_slv_port_demux[0].i_axi_demux/gen_demux.i_r_mux/gen_arbiter.gen_int_rr.rr_q_reg[1]) that has an active asychronous set or reset. This may cause corruption of the memory contents and/or read values when the set/reset is asserted and is not analyzed by the default static timing analysis. It is suggested to eliminate the use of a set/reset to registers driving this RAMB pin or else use a synchronous reset in which the assertion of the reset is timed by default.
Related violations: <none>

REQP-1840#6 Warning
RAMB18 async control check  
The RAMB18E1 swervolf/rvtop/mem/iccm.iccm/mem_bank[0].iccm.iccm_bank/ram_core_reg_0 has an input control pin swervolf/rvtop/mem/iccm.iccm/mem_bank[0].iccm.iccm_bank/ram_core_reg_0/ADDRARDADDR[11] (net: swervolf/rvtop/mem/iccm.iccm/mem_bank[0].iccm.iccm_bank/ADDRARDADDR[7]) which is driven by a register (swervolf/axi_intercon/axi_xbar/gen_slv_port_demux[0].i_axi_err_slv/i_r_fifo/mem_q_reg[0][id][0]) that has an active asychronous set or reset. This may cause corruption of the memory contents and/or read values when the set/reset is asserted and is not analyzed by the default static timing analysis. It is suggested to eliminate the use of a set/reset to registers driving this RAMB pin or else use a synchronous reset in which the assertion of the reset is timed by default.
Related violations: <none>

REQP-1840#7 Warning
RAMB18 async control check  
The RAMB18E1 swervolf/rvtop/mem/iccm.iccm/mem_bank[0].iccm.iccm_bank/ram_core_reg_0 has an input control pin swervolf/rvtop/mem/iccm.iccm/mem_bank[0].iccm.iccm_bank/ram_core_reg_0/ADDRARDADDR[11] (net: swervolf/rvtop/mem/iccm.iccm/mem_bank[0].iccm.iccm_bank/ADDRARDADDR[7]) which is driven by a register (swervolf/axi_intercon/axi_xbar/gen_slv_port_demux[0].i_axi_err_slv/i_r_fifo/mem_q_reg[0][id][1]) that has an active asychronous set or reset. This may cause corruption of the memory contents and/or read values when the set/reset is asserted and is not analyzed by the default static timing analysis. It is suggested to eliminate the use of a set/reset to registers driving this RAMB pin or else use a synchronous reset in which the assertion of the reset is timed by default.
Related violations: <none>

REQP-1840#8 Warning
RAMB18 async control check  
The RAMB18E1 swervolf/rvtop/mem/iccm.iccm/mem_bank[0].iccm.iccm_bank/ram_core_reg_0 has an input control pin swervolf/rvtop/mem/iccm.iccm/mem_bank[0].iccm.iccm_bank/ram_core_reg_0/ADDRARDADDR[11] (net: swervolf/rvtop/mem/iccm.iccm/mem_bank[0].iccm.iccm_bank/ADDRARDADDR[7]) which is driven by a register (swervolf/axi_intercon/axi_xbar/gen_slv_port_demux[0].i_axi_err_slv/i_r_fifo/mem_q_reg[0][id][2]) that has an active asychronous set or reset. This may cause corruption of the memory contents and/or read values when the set/reset is asserted and is not analyzed by the default static timing analysis. It is suggested to eliminate the use of a set/reset to registers driving this RAMB pin or else use a synchronous reset in which the assertion of the reset is timed by default.
Related violations: <none>

REQP-1840#9 Warning
RAMB18 async control check  
The RAMB18E1 swervolf/rvtop/mem/iccm.iccm/mem_bank[0].iccm.iccm_bank/ram_core_reg_0 has an input control pin swervolf/rvtop/mem/iccm.iccm/mem_bank[0].iccm.iccm_bank/ram_core_reg_0/ADDRARDADDR[11] (net: swervolf/rvtop/mem/iccm.iccm/mem_bank[0].iccm.iccm_bank/ADDRARDADDR[7]) which is driven by a register (swervolf/axi_intercon/axi_xbar/gen_slv_port_demux[0].i_axi_err_slv/i_r_fifo/mem_q_reg[1][id][0]) that has an active asychronous set or reset. This may cause corruption of the memory contents and/or read values when the set/reset is asserted and is not analyzed by the default static timing analysis. It is suggested to eliminate the use of a set/reset to registers driving this RAMB pin or else use a synchronous reset in which the assertion of the reset is timed by default.
Related violations: <none>

REQP-1840#10 Warning
RAMB18 async control check  
The RAMB18E1 swervolf/rvtop/mem/iccm.iccm/mem_bank[0].iccm.iccm_bank/ram_core_reg_0 has an input control pin swervolf/rvtop/mem/iccm.iccm/mem_bank[0].iccm.iccm_bank/ram_core_reg_0/ADDRARDADDR[11] (net: swervolf/rvtop/mem/iccm.iccm/mem_bank[0].iccm.iccm_bank/ADDRARDADDR[7]) which is driven by a register (swervolf/axi_intercon/axi_xbar/gen_slv_port_demux[0].i_axi_err_slv/i_r_fifo/mem_q_reg[1][id][1]) that has an active asychronous set or reset. This may cause corruption of the memory contents and/or read values when the set/reset is asserted and is not analyzed by the default static timing analysis. It is suggested to eliminate the use of a set/reset to registers driving this RAMB pin or else use a synchronous reset in which the assertion of the reset is timed by default.
Related violations: <none>

REQP-1840#11 Warning
RAMB18 async control check  
The RAMB18E1 swervolf/rvtop/mem/iccm.iccm/mem_bank[0].iccm.iccm_bank/ram_core_reg_0 has an input control pin swervolf/rvtop/mem/iccm.iccm/mem_bank[0].iccm.iccm_bank/ram_core_reg_0/ADDRARDADDR[11] (net: swervolf/rvtop/mem/iccm.iccm/mem_bank[0].iccm.iccm_bank/ADDRARDADDR[7]) which is driven by a register (swervolf/axi_intercon/axi_xbar/gen_slv_port_demux[0].i_axi_err_slv/i_r_fifo/mem_q_reg[1][id][2]) that has an active asychronous set or reset. This may cause corruption of the memory contents and/or read values when the set/reset is asserted and is not analyzed by the default static timing analysis. It is suggested to eliminate the use of a set/reset to registers driving this RAMB pin or else use a synchronous reset in which the assertion of the reset is timed by default.
Related violations: <none>

REQP-1840#12 Warning
RAMB18 async control check  
The RAMB18E1 swervolf/rvtop/mem/iccm.iccm/mem_bank[0].iccm.iccm_bank/ram_core_reg_0 has an input control pin swervolf/rvtop/mem/iccm.iccm/mem_bank[0].iccm.iccm_bank/ram_core_reg_0/ADDRARDADDR[11] (net: swervolf/rvtop/mem/iccm.iccm/mem_bank[0].iccm.iccm_bank/ADDRARDADDR[7]) which is driven by a register (swervolf/axi_intercon/axi_xbar/gen_slv_port_demux[0].i_axi_err_slv/i_r_fifo/mem_q_reg[2][id][0]) that has an active asychronous set or reset. This may cause corruption of the memory contents and/or read values when the set/reset is asserted and is not analyzed by the default static timing analysis. It is suggested to eliminate the use of a set/reset to registers driving this RAMB pin or else use a synchronous reset in which the assertion of the reset is timed by default.
Related violations: <none>

REQP-1840#13 Warning
RAMB18 async control check  
The RAMB18E1 swervolf/rvtop/mem/iccm.iccm/mem_bank[0].iccm.iccm_bank/ram_core_reg_0 has an input control pin swervolf/rvtop/mem/iccm.iccm/mem_bank[0].iccm.iccm_bank/ram_core_reg_0/ADDRARDADDR[11] (net: swervolf/rvtop/mem/iccm.iccm/mem_bank[0].iccm.iccm_bank/ADDRARDADDR[7]) which is driven by a register (swervolf/axi_intercon/axi_xbar/gen_slv_port_demux[0].i_axi_err_slv/i_r_fifo/mem_q_reg[2][id][1]) that has an active asychronous set or reset. This may cause corruption of the memory contents and/or read values when the set/reset is asserted and is not analyzed by the default static timing analysis. It is suggested to eliminate the use of a set/reset to registers driving this RAMB pin or else use a synchronous reset in which the assertion of the reset is timed by default.
Related violations: <none>

REQP-1840#14 Warning
RAMB18 async control check  
The RAMB18E1 swervolf/rvtop/mem/iccm.iccm/mem_bank[0].iccm.iccm_bank/ram_core_reg_0 has an input control pin swervolf/rvtop/mem/iccm.iccm/mem_bank[0].iccm.iccm_bank/ram_core_reg_0/ADDRARDADDR[11] (net: swervolf/rvtop/mem/iccm.iccm/mem_bank[0].iccm.iccm_bank/ADDRARDADDR[7]) which is driven by a register (swervolf/axi_intercon/axi_xbar/gen_slv_port_demux[0].i_axi_err_slv/i_r_fifo/mem_q_reg[2][id][2]) that has an active asychronous set or reset. This may cause corruption of the memory contents and/or read values when the set/reset is asserted and is not analyzed by the default static timing analysis. It is suggested to eliminate the use of a set/reset to registers driving this RAMB pin or else use a synchronous reset in which the assertion of the reset is timed by default.
Related violations: <none>

REQP-1840#15 Warning
RAMB18 async control check  
The RAMB18E1 swervolf/rvtop/mem/iccm.iccm/mem_bank[0].iccm.iccm_bank/ram_core_reg_0 has an input control pin swervolf/rvtop/mem/iccm.iccm/mem_bank[0].iccm.iccm_bank/ram_core_reg_0/ADDRARDADDR[11] (net: swervolf/rvtop/mem/iccm.iccm/mem_bank[0].iccm.iccm_bank/ADDRARDADDR[7]) which is driven by a register (swervolf/axi_intercon/axi_xbar/gen_slv_port_demux[0].i_axi_err_slv/i_r_fifo/mem_q_reg[3][id][0]) that has an active asychronous set or reset. This may cause corruption of the memory contents and/or read values when the set/reset is asserted and is not analyzed by the default static timing analysis. It is suggested to eliminate the use of a set/reset to registers driving this RAMB pin or else use a synchronous reset in which the assertion of the reset is timed by default.
Related violations: <none>

REQP-1840#16 Warning
RAMB18 async control check  
The RAMB18E1 swervolf/rvtop/mem/iccm.iccm/mem_bank[0].iccm.iccm_bank/ram_core_reg_0 has an input control pin swervolf/rvtop/mem/iccm.iccm/mem_bank[0].iccm.iccm_bank/ram_core_reg_0/ADDRARDADDR[11] (net: swervolf/rvtop/mem/iccm.iccm/mem_bank[0].iccm.iccm_bank/ADDRARDADDR[7]) which is driven by a register (swervolf/axi_intercon/axi_xbar/gen_slv_port_demux[0].i_axi_err_slv/i_r_fifo/mem_q_reg[3][id][1]) that has an active asychronous set or reset. This may cause corruption of the memory contents and/or read values when the set/reset is asserted and is not analyzed by the default static timing analysis. It is suggested to eliminate the use of a set/reset to registers driving this RAMB pin or else use a synchronous reset in which the assertion of the reset is timed by default.
Related violations: <none>

REQP-1840#17 Warning
RAMB18 async control check  
The RAMB18E1 swervolf/rvtop/mem/iccm.iccm/mem_bank[0].iccm.iccm_bank/ram_core_reg_0 has an input control pin swervolf/rvtop/mem/iccm.iccm/mem_bank[0].iccm.iccm_bank/ram_core_reg_0/ADDRARDADDR[11] (net: swervolf/rvtop/mem/iccm.iccm/mem_bank[0].iccm.iccm_bank/ADDRARDADDR[7]) which is driven by a register (swervolf/axi_intercon/axi_xbar/gen_slv_port_demux[0].i_axi_err_slv/i_r_fifo/mem_q_reg[3][id][2]) that has an active asychronous set or reset. This may cause corruption of the memory contents and/or read values when the set/reset is asserted and is not analyzed by the default static timing analysis. It is suggested to eliminate the use of a set/reset to registers driving this RAMB pin or else use a synchronous reset in which the assertion of the reset is timed by default.
Related violations: <none>

REQP-1840#18 Warning
RAMB18 async control check  
The RAMB18E1 swervolf/rvtop/mem/iccm.iccm/mem_bank[0].iccm.iccm_bank/ram_core_reg_0 has an input control pin swervolf/rvtop/mem/iccm.iccm/mem_bank[0].iccm.iccm_bank/ram_core_reg_0/ADDRARDADDR[11] (net: swervolf/rvtop/mem/iccm.iccm/mem_bank[0].iccm.iccm_bank/ADDRARDADDR[7]) which is driven by a register (swervolf/axi_intercon/axi_xbar/gen_slv_port_demux[0].i_axi_err_slv/i_r_fifo/read_pointer_q_reg[0]) that has an active asychronous set or reset. This may cause corruption of the memory contents and/or read values when the set/reset is asserted and is not analyzed by the default static timing analysis. It is suggested to eliminate the use of a set/reset to registers driving this RAMB pin or else use a synchronous reset in which the assertion of the reset is timed by default.
Related violations: <none>

REQP-1840#19 Warning
RAMB18 async control check  
The RAMB18E1 swervolf/rvtop/mem/iccm.iccm/mem_bank[0].iccm.iccm_bank/ram_core_reg_0 has an input control pin swervolf/rvtop/mem/iccm.iccm/mem_bank[0].iccm.iccm_bank/ram_core_reg_0/ADDRARDADDR[11] (net: swervolf/rvtop/mem/iccm.iccm/mem_bank[0].iccm.iccm_bank/ADDRARDADDR[7]) which is driven by a register (swervolf/axi_intercon/axi_xbar/gen_slv_port_demux[0].i_axi_err_slv/i_r_fifo/read_pointer_q_reg[1]) that has an active asychronous set or reset. This may cause corruption of the memory contents and/or read values when the set/reset is asserted and is not analyzed by the default static timing analysis. It is suggested to eliminate the use of a set/reset to registers driving this RAMB pin or else use a synchronous reset in which the assertion of the reset is timed by default.
Related violations: <none>

REQP-1840#20 Warning
RAMB18 async control check  
The RAMB18E1 swervolf/rvtop/mem/iccm.iccm/mem_bank[0].iccm.iccm_bank/ram_core_reg_0 has an input control pin swervolf/rvtop/mem/iccm.iccm/mem_bank[0].iccm.iccm_bank/ram_core_reg_0/ADDRARDADDR[11] (net: swervolf/rvtop/mem/iccm.iccm/mem_bank[0].iccm.iccm_bank/ADDRARDADDR[7]) which is driven by a register (swervolf/axi_intercon/axi_xbar/gen_slv_port_demux[0].i_axi_err_slv/r_busy_q_reg) that has an active asychronous set or reset. This may cause corruption of the memory contents and/or read values when the set/reset is asserted and is not analyzed by the default static timing analysis. It is suggested to eliminate the use of a set/reset to registers driving this RAMB pin or else use a synchronous reset in which the assertion of the reset is timed by default.
Related violations: <none>


